<?xml version="1.0" encoding="UTF-8"?>
<!-- Generated by org.testng.reporters.JUnitReportReporter -->
<testsuite hostname="DESKTOP-2R7SLE3" failures="0" tests="1" name="cucumberOptions.TestNgTestRunner" time="29.330" errors="0" timestamp="2024-06-02T19:05:38 IST" skipped="0">
  <testcase classname="cucumberOptions.TestNgTestRunner" name="runScenario" time="29.330"/>
</testsuite> <!-- cucumberOptions.TestNgTestRunner -->
